# JRE version: OpenJDK Runtime Environment (8.0_152) (build 1.8.0_152-release-1343-b16-5323222)
# Java VM: OpenJDK 64-Bit Server VM (25.152-b16-5323222 mixed mode linux-amd64 compressed oops)
Heap:
 PSYoungGen      total 277504K, used 32767K [0x00000000e0000000, 0x00000000f6e00000, 0x0000000100000000)
  eden space 244736K, 0% used [0x00000000e0000000,0x00000000e0000000,0x00000000eef00000)
  from space 32768K, 99% used [0x00000000f4e00000,0x00000000f6dffc40,0x00000000f6e00000)
  to   space 24064K, 0% used [0x00000000eef00000,0x00000000eef00000,0x00000000f0680000)
 ParOldGen       total 104448K, used 85337K [0x00000000a0000000, 0x00000000a6600000, 0x00000000e0000000)
  object space 104448K, 81% used [0x00000000a0000000,0x00000000a53566a0,0x00000000a6600000)
 Metaspace       used 75510K, capacity 77434K, committed 77744K, reserved 1116160K
  class space    used 9762K, capacity 10302K, committed 10416K, reserved 1048576K
GC Heap History (10 events):
Event: 8.780 GC heap after
Heap after GC invocations=12 (full 2):
 PSYoungGen      total 200704K, used 16354K [0x00000000e0000000, 0x00000000ee380000, 0x0000000100000000)
  eden space 184320K, 0% used [0x00000000e0000000,0x00000000e0000000,0x00000000eb400000)
  from space 16384K, 99% used [0x00000000ec880000,0x00000000ed878838,0x00000000ed880000)
  to   space 20992K, 0% used [0x00000000eb400000,0x00000000eb400000,0x00000000ec880000)
 ParOldGen       total 74240K, used 27654K [0x00000000a0000000, 0x00000000a4880000, 0x00000000e0000000)
  object space 74240K, 37% used [0x00000000a0000000,0x00000000a1b01890,0x00000000a4880000)
 Metaspace       used 56534K, capacity 58210K, committed 58416K, reserved 1099776K
  class space    used 7752K, capacity 8194K, committed 8240K, reserved 1048576K
}
Event: 8.969 GC heap before
{Heap before GC invocations=13 (full 2):
 PSYoungGen      total 200704K, used 31231K [0x00000000e0000000, 0x00000000ee380000, 0x0000000100000000)
  eden space 184320K, 8% used [0x00000000e0000000,0x00000000e0e875c8,0x00000000eb400000)
  from space 16384K, 99% used [0x00000000ec880000,0x00000000ed878838,0x00000000ed880000)
  to   space 20992K, 0% used [0x00000000eb400000,0x00000000eb400000,0x00000000ec880000)
 ParOldGen       total 74240K, used 27654K [0x00000000a0000000, 0x00000000a4880000, 0x00000000e0000000)
  object space 74240K, 37% used [0x00000000a0000000,0x00000000a1b01890,0x00000000a4880000)
 Metaspace       used 57505K, capacity 59104K, committed 59160K, reserved 1099776K
  class space    used 7895K, capacity 8359K, committed 8368K, reserved 1048576K
Event: 8.986 GC heap after
Heap after GC invocations=13 (full 2):
 PSYoungGen      total 205312K, used 1507K [0x00000000e0000000, 0x00000000f1e80000, 0x0000000100000000)
  eden space 184320K, 0% used [0x00000000e0000000,0x00000000e0000000,0x00000000eb400000)
  from space 20992K, 7% used [0x00000000eb400000,0x00000000eb578f80,0x00000000ec880000)
  to   space 20992K, 0% used [0x00000000f0a00000,0x00000000f0a00000,0x00000000f1e80000)
 ParOldGen       total 74240K, used 41633K [0x00000000a0000000, 0x00000000a4880000, 0x00000000e0000000)
  object space 74240K, 56% used [0x00000000a0000000,0x00000000a28a8438,0x00000000a4880000)
 Metaspace       used 57505K, capacity 59104K, committed 59160K, reserved 1099776K
  class space    used 7895K, capacity 8359K, committed 8368K, reserved 1048576K
}
Event: 8.986 GC heap before
{Heap before GC invocations=14 (full 3):
 PSYoungGen      total 205312K, used 1507K [0x00000000e0000000, 0x00000000f1e80000, 0x0000000100000000)
  eden space 184320K, 0% used [0x00000000e0000000,0x00000000e0000000,0x00000000eb400000)
  from space 20992K, 7% used [0x00000000eb400000,0x00000000eb578f80,0x00000000ec880000)
  to   space 20992K, 0% used [0x00000000f0a00000,0x00000000f0a00000,0x00000000f1e80000)
 ParOldGen       total 74240K, used 41633K [0x00000000a0000000, 0x00000000a4880000, 0x00000000e0000000)
  object space 74240K, 56% used [0x00000000a0000000,0x00000000a28a8438,0x00000000a4880000)
 Metaspace       used 57505K, capacity 59104K, committed 59160K, reserved 1099776K
  class space    used 7895K, capacity 8359K, committed 8368K, reserved 1048576K
Event: 9.164 GC heap after
Heap after GC invocations=14 (full 3):
 PSYoungGen      total 205312K, used 0K [0x00000000e0000000, 0x00000000f1e80000, 0x0000000100000000)
  eden space 184320K, 0% used [0x00000000e0000000,0x00000000e0000000,0x00000000eb400000)
  from space 20992K, 0% used [0x00000000eb400000,0x00000000eb400000,0x00000000ec880000)
  to   space 20992K, 0% used [0x00000000f0a00000,0x00000000f0a00000,0x00000000f1e80000)
 ParOldGen       total 104448K, used 29362K [0x00000000a0000000, 0x00000000a6600000, 0x00000000e0000000)
  object space 104448K, 28% used [0x00000000a0000000,0x00000000a1caca38,0x00000000a6600000)
 Metaspace       used 57505K, capacity 59104K, committed 59160K, reserved 1099776K
  class space    used 7895K, capacity 8359K, committed 8368K, reserved 1048576K
}
Event: 11.888 GC heap before
{Heap before GC invocations=15 (full 3):
 PSYoungGen      total 205312K, used 184320K [0x00000000e0000000, 0x00000000f1e80000, 0x0000000100000000)
  eden space 184320K, 100% used [0x00000000e0000000,0x00000000eb400000,0x00000000eb400000)
  from space 20992K, 0% used [0x00000000eb400000,0x00000000eb400000,0x00000000ec880000)
  to   space 20992K, 0% used [0x00000000f0a00000,0x00000000f0a00000,0x00000000f1e80000)
 ParOldGen       total 104448K, used 29362K [0x00000000a0000000, 0x00000000a6600000, 0x00000000e0000000)
  object space 104448K, 28% used [0x00000000a0000000,0x00000000a1caca38,0x00000000a6600000)
 Metaspace       used 60178K, capacity 61836K, committed 62128K, reserved 1103872K
  class space    used 8105K, capacity 8549K, committed 8624K, reserved 1048576K
Event: 11.929 GC heap after
Heap after GC invocations=15 (full 3):
 PSYoungGen      total 261120K, used 20471K [0x00000000e0000000, 0x00000000f1e00000, 0x0000000100000000)
  eden space 240640K, 0% used [0x00000000e0000000,0x00000000e0000000,0x00000000eeb00000)
  from space 20480K, 99% used [0x00000000f0a00000,0x00000000f1dfdf18,0x00000000f1e00000)
  to   space 24064K, 0% used [0x00000000eef00000,0x00000000eef00000,0x00000000f0680000)
 ParOldGen       total 104448K, used 29370K [0x00000000a0000000, 0x00000000a6600000, 0x00000000e0000000)
  object space 104448K, 28% used [0x00000000a0000000,0x00000000a1caea38,0x00000000a6600000)
 Metaspace       used 60178K, capacity 61836K, committed 62128K, reserved 1103872K
  class space    used 8105K, capacity 8549K, committed 8624K, reserved 1048576K
}
Event: 15.751 GC heap before
{Heap before GC invocations=16 (full 3):
 PSYoungGen      total 261120K, used 261111K [0x00000000e0000000, 0x00000000f1e00000, 0x0000000100000000)
  eden space 240640K, 100% used [0x00000000e0000000,0x00000000eeb00000,0x00000000eeb00000)
  from space 20480K, 99% used [0x00000000f0a00000,0x00000000f1dfdf18,0x00000000f1e00000)
  to   space 24064K, 0% used [0x00000000eef00000,0x00000000eef00000,0x00000000f0680000)
 ParOldGen       total 104448K, used 29370K [0x00000000a0000000, 0x00000000a6600000, 0x00000000e0000000)
  object space 104448K, 28% used [0x00000000a0000000,0x00000000a1caea38,0x00000000a6600000)
 Metaspace       used 66624K, capacity 68440K, committed 68528K, reserved 1107968K
  class space    used 8838K, capacity 9357K, committed 9392K, reserved 1048576K
Event: 15.809 GC heap after
Heap after GC invocations=16 (full 3):
 PSYoungGen      total 268800K, used 24062K [0x00000000e0000000, 0x00000000f6e00000, 0x0000000100000000)
  eden space 244736K, 0% used [0x00000000e0000000,0x00000000e0000000,0x00000000eef00000)
  from space 24064K, 99% used [0x00000000eef00000,0x00000000f067fb58,0x00000000f0680000)
  to   space 32768K, 0% used [0x00000000f4e00000,0x00000000f4e00000,0x00000000f6e00000)
 ParOldGen       total 104448K, used 42560K [0x00000000a0000000, 0x00000000a6600000, 0x00000000e0000000)
  object space 104448K, 40% used [0x00000000a0000000,0x00000000a2990250,0x00000000a6600000)
 Metaspace       used 66624K, capacity 68440K, committed 68528K, reserved 1107968K
  class space    used 8838K, capacity 9357K, committed 9392K, reserved 1048576K
}
Event: 19.193 GC heap before
{Heap before GC invocations=17 (full 3):
 PSYoungGen      total 268800K, used 268798K [0x00000000e0000000, 0x00000000f6e00000, 0x0000000100000000)
  eden space 244736K, 100% used [0x00000000e0000000,0x00000000eef00000,0x00000000eef00000)
  from space 24064K, 99% used [0x00000000eef00000,0x00000000f067fb58,0x00000000f0680000)
  to   space 32768K, 0% used [0x00000000f4e00000,0x00000000f4e00000,0x00000000f6e00000)
 ParOldGen       total 104448K, used 42560K [0x00000000a0000000, 0x00000000a6600000, 0x00000000e0000000)
  object space 104448K, 40% used [0x00000000a0000000,0x00000000a2990250,0x00000000a6600000)
 Metaspace       used 75510K, capacity 77434K, committed 77744K, reserved 1116160K
  class space    used 9762K, capacity 10302K, committed 10416K, reserved 1048576K

